<?xml version="1.0" encoding="UTF-8"?>
<!-- Generated by org.testng.reporters.JUnitXMLReporter -->
<testsuite hostname="DESKTOP-BL63GHT" ignored="0" name="on firefox" tests="1" failures="1" timestamp="28 Feb 2019 14:01:04 GMT" time="0.121" errors="0">
  <testcase name="@AfterTest teardown" time="0.0" classname="com.OHRM_login.loginfunctionality">
    <failure type="java.lang.NullPointerException">
      <![CDATA[java.lang.NullPointerException
at com.OHRM_login.loginfunctionality.teardown(loginfunctionality.java:63)
at java.util.concurrent.FutureTask.run(Unknown Source)
at java.util.concurrent.ThreadPoolExecutor.runWorker(Unknown Source)
at java.util.concurrent.ThreadPoolExecutor$Worker.run(Unknown Source)
at java.lang.Thread.run(Unknown Source)
... Removed 15 stack frames]]>
    </failure>
  </testcase> <!-- @AfterTest teardown -->
  <testcase name="setup" time="0.016" classname="com.OHRM_login.loginfunctionality">
    <failure type="java.lang.NullPointerException">
      <![CDATA[java.lang.NullPointerException
at com.OHRM_login.loginfunctionality.setup(loginfunctionality.java:50)
at java.util.concurrent.FutureTask.run(Unknown Source)
at java.util.concurrent.ThreadPoolExecutor.runWorker(Unknown Source)
at java.util.concurrent.ThreadPoolExecutor$Worker.run(Unknown Source)
at java.lang.Thread.run(Unknown Source)
... Removed 16 stack frames]]>
    </failure>
  </testcase> <!-- setup -->
</testsuite> <!-- on firefox -->
